2020-12-24 23:21:15
[0;31mERROR:[0m There's no video in this tweet.; please report this issue on https://yt-dl.org/bug . Make sure you are using the latest version; see  https://yt-dl.org/update  on how to update. Be sure to call youtube-dl with the --verbose flag and include its complete output.
2020-12-24 23:21:18
[0;31mERROR:[0m Premieres in 19 hours
2020-12-25 19:03:08
[0;31mERROR:[0m There's no video in this tweet.; please report this issue on https://yt-dl.org/bug . Make sure you are using the latest version; see  https://yt-dl.org/update  on how to update. Be sure to call youtube-dl with the --verbose flag and include its complete output.
2020-12-25 19:03:11
2020-12-25 19:03:11
2020-12-25 19:03:45
2020-12-25 19:03:47
2020-12-26 05:51:56
[0;31mERROR:[0m There's no video in this tweet.; please report this issue on https://yt-dl.org/bug . Make sure you are using the latest version; see  https://yt-dl.org/update  on how to update. Be sure to call youtube-dl with the --verbose flag and include its complete output.
2020-12-26 05:51:58
2020-12-26 05:51:59
2020-12-26 05:52:17
2020-12-26 05:52:18
2020-12-26 06:15:52
[0;31mERROR:[0m There's no video in this tweet.; please report this issue on https://yt-dl.org/bug . Make sure you are using the latest version; see  https://yt-dl.org/update  on how to update. Be sure to call youtube-dl with the --verbose flag and include its complete output.
2020-12-26 06:15:54
2020-12-26 06:15:55
2020-12-26 06:15:58
2020-12-26 06:15:59
2020-12-26 06:16:04
2020-12-26 06:16:05
2020-12-26 06:16:10
2020-12-26 06:16:11
2020-12-26 06:16:13
2020-12-26 06:16:14
2020-12-26 06:16:15
2020-12-26 06:16:16
2020-12-26 06:20:12
2020-12-26 06:20:13
2020-12-26 06:20:22
2020-12-26 06:20:22
2020-12-26 06:20:24
2020-12-26 06:20:25
2020-12-26 06:21:54
2020-12-26 06:21:55
2020-12-26 06:21:56
2020-12-26 06:21:57
2020-12-26 06:21:58
2020-12-26 06:21:58
2020-12-26 06:22:00
2020-12-26 06:22:01
2020-12-26 06:22:07
2020-12-26 06:22:08
2020-12-26 22:20:17
[0;31mERROR:[0m There's no video in this tweet.; please report this issue on https://yt-dl.org/bug . Make sure you are using the latest version; see  https://yt-dl.org/update  on how to update. Be sure to call youtube-dl with the --verbose flag and include its complete output.
2020-12-26 22:20:19
2020-12-26 22:21:35
2020-12-26 22:21:38
2020-12-26 22:21:50
2020-12-26 22:21:58
2020-12-26 22:22:18
2020-12-26 22:22:35
2020-12-26 22:22:50
2020-12-26 22:23:13
2020-12-26 22:23:26
2020-12-26 22:23:31
2020-12-26 22:23:40
2020-12-26 22:23:50
2020-12-26 22:24:01
2020-12-26 22:24:08
2020-12-26 22:24:20
2020-12-26 22:24:42
2020-12-26 22:24:55
2020-12-26 22:25:13
2020-12-26 22:25:56
2020-12-26 22:26:09
2020-12-26 22:26:21
2020-12-26 22:26:45
2020-12-26 22:27:02
2020-12-26 22:27:14
2020-12-26 22:27:41
2020-12-26 22:27:58
2020-12-26 22:28:02
2020-12-26 22:28:11
2020-12-26 22:28:20
2020-12-26 22:28:26
2020-12-26 22:28:40
2020-12-26 22:28:49
2020-12-26 22:29:01
2020-12-26 22:29:13
2020-12-26 22:29:25
2020-12-26 22:29:41
2020-12-26 22:29:51
2020-12-26 22:30:16
2020-12-26 22:30:33
2020-12-26 22:30:46
2020-12-26 22:30:58
2020-12-26 22:31:12
2020-12-26 22:31:31
2020-12-26 22:31:39
2020-12-26 22:31:47
2020-12-26 22:31:57
2020-12-26 22:32:15
2020-12-26 22:32:32
2020-12-26 22:32:51
2020-12-26 22:32:57
2020-12-26 22:33:09
2020-12-26 22:33:15
2020-12-26 22:33:25
2020-12-26 22:33:43
2020-12-26 22:33:56
2020-12-26 22:34:11
2020-12-26 22:34:24
2020-12-26 22:34:35
2020-12-26 22:34:43
2020-12-26 22:34:52
2020-12-26 22:35:00
2020-12-26 22:35:11
2020-12-26 22:35:25
2020-12-26 22:35:32
2020-12-26 22:35:42
2020-12-26 22:35:51
2020-12-26 22:36:02
2020-12-26 22:36:11
2020-12-26 22:36:20
2020-12-26 22:36:36
2020-12-26 22:36:56
2020-12-26 22:37:08
2020-12-26 22:37:25
2020-12-26 22:37:30
2020-12-26 22:37:38
2020-12-26 22:37:45
2020-12-26 22:37:57
2020-12-26 22:38:04
2020-12-26 22:38:14
2020-12-26 22:38:21
2020-12-26 22:38:27
2020-12-26 22:38:43
2020-12-26 22:38:53
2020-12-26 22:38:59
2020-12-26 22:39:04
2020-12-26 22:39:15
2020-12-26 22:39:22
2020-12-26 22:39:33
2020-12-26 22:39:58
2020-12-26 22:40:06
2020-12-26 22:41:37
2020-12-26 22:41:44
2020-12-26 22:41:48
2020-12-26 22:41:54
2020-12-26 22:42:03
2020-12-26 22:42:08
2020-12-26 22:42:16
2020-12-26 22:42:23
2020-12-26 22:42:27
2020-12-26 22:42:36
2020-12-26 22:42:41
2020-12-26 22:42:48
2020-12-26 22:42:55
2020-12-26 22:43:02
2020-12-26 22:43:10
2020-12-26 22:43:17
2020-12-26 22:43:24
2020-12-26 22:43:31
2020-12-26 22:43:39
2020-12-26 22:43:45
2020-12-26 22:43:55
2020-12-26 22:44:03
2020-12-26 22:44:09
2020-12-26 22:44:16
2020-12-26 22:44:24
2020-12-26 22:44:33
2020-12-26 22:44:44
2020-12-26 22:44:54
2020-12-26 22:45:01
2020-12-26 22:45:08
2020-12-26 22:45:13
2020-12-26 22:45:21
2020-12-26 22:45:27
2020-12-26 22:45:36
2020-12-26 22:45:42
2020-12-26 22:45:48
2020-12-26 22:45:54
2020-12-26 22:46:03
2020-12-26 22:46:07
2020-12-26 22:46:14
2020-12-26 22:46:19
2020-12-26 22:46:28
2020-12-26 22:46:34
2020-12-26 22:46:38
2020-12-26 22:46:45
2020-12-26 22:46:51
2020-12-26 22:46:58
2020-12-26 22:47:03
2020-12-26 22:47:11
2020-12-26 22:47:18
2020-12-26 22:47:26
2020-12-26 22:47:34
2020-12-26 22:47:42
2020-12-26 22:47:47
2020-12-26 22:47:52
2020-12-26 22:47:57
2020-12-26 22:48:03
2020-12-26 22:48:11
2020-12-26 22:48:17
2020-12-26 22:48:24
2020-12-26 22:48:28
2020-12-26 22:48:36
2020-12-26 22:48:49
2020-12-26 22:48:55
2020-12-26 22:49:04
2020-12-26 22:49:43
2020-12-26 22:49:59
2020-12-26 22:50:10
2020-12-26 22:50:27
2020-12-26 22:50:39
2020-12-26 22:50:58
2020-12-26 22:51:09
2020-12-26 22:51:18
2020-12-26 22:51:32
2020-12-26 22:51:46
2020-12-26 22:52:00
2020-12-26 22:52:09
2020-12-26 22:52:16
2020-12-26 22:52:25
2020-12-26 22:52:30
2020-12-26 22:52:37
2020-12-26 22:52:50
2020-12-26 22:53:00
2020-12-26 22:53:11
2020-12-26 22:53:19
2020-12-26 22:53:31
2020-12-26 22:53:43
2020-12-26 22:53:56
2020-12-26 22:54:11
2020-12-26 22:54:21
2020-12-26 22:54:32
2020-12-26 22:54:45
2020-12-26 22:55:00
2020-12-26 22:55:08
2020-12-26 22:55:18
2020-12-26 22:55:25
2020-12-26 22:55:30
2020-12-26 22:55:39
2020-12-26 22:55:47
2020-12-26 23:05:55
2020-12-26 23:09:42
2020-12-26 23:09:48
2020-12-26 23:09:55
2020-12-26 23:10:01
2020-12-26 23:10:11
2020-12-26 23:10:19
2020-12-26 23:10:25
2020-12-26 23:10:30
2020-12-26 23:10:38
2020-12-26 23:10:43
2020-12-26 23:10:48
2020-12-26 23:10:54
2020-12-26 23:10:58
2020-12-26 23:11:05
2020-12-26 23:11:14
2020-12-26 23:11:23
2020-12-26 23:11:29
2020-12-26 23:11:38
2020-12-26 23:11:47
2020-12-26 23:11:55
2020-12-26 23:11:59
2020-12-26 23:12:05
2020-12-26 23:12:13
2020-12-26 23:12:20
2020-12-26 23:12:27
2020-12-26 23:12:31
2020-12-26 23:12:36
2020-12-26 23:12:44
2020-12-26 23:12:49
2020-12-26 23:12:53
2020-12-26 23:13:03
2020-12-26 23:13:09
2020-12-26 23:13:16
2020-12-26 23:13:24
2020-12-26 23:13:34
2020-12-26 23:13:42
2020-12-26 23:13:54
2020-12-26 23:14:02
2020-12-26 23:14:09
2020-12-26 23:14:14
2020-12-26 23:14:19
2020-12-26 23:14:27
2020-12-26 23:14:32
2020-12-26 23:14:41
2020-12-26 23:14:47
2020-12-26 23:14:51
2020-12-26 23:15:02
2020-12-26 23:15:11
2020-12-26 23:15:23
2020-12-26 23:15:34
2020-12-26 23:15:44
2020-12-26 23:15:48
2020-12-26 23:15:58
2020-12-26 23:16:06
2020-12-26 23:16:12
2020-12-26 23:16:26
2020-12-26 23:16:36
2020-12-26 23:16:42
2020-12-26 23:16:50
2020-12-26 23:16:56
2020-12-26 23:17:31
2020-12-26 23:17:36
2020-12-26 23:17:40
2020-12-26 23:17:46
2020-12-26 23:17:55
2020-12-26 23:18:10
2020-12-26 23:18:18
2020-12-26 23:18:23
2020-12-26 23:18:30
2020-12-26 23:18:41
2020-12-26 23:18:44
2020-12-26 23:18:51
2020-12-26 23:18:57
2020-12-26 23:19:01
2020-12-26 23:19:06
2020-12-26 23:19:15
2020-12-26 23:19:19
2020-12-26 23:19:24
2020-12-26 23:19:32
2020-12-26 23:19:40
2020-12-26 23:19:47
2020-12-26 23:19:51
2020-12-26 23:19:57
2020-12-26 23:20:11
2020-12-26 23:20:17
2020-12-26 23:20:25
2020-12-26 23:20:31
2020-12-26 23:22:09
2020-12-26 23:22:15
2020-12-26 23:22:22
2020-12-26 23:22:28
2020-12-26 23:22:34
2020-12-26 23:22:42
2020-12-26 23:22:48
2020-12-26 23:22:56
2020-12-26 23:22:59
2020-12-26 23:23:07
2020-12-26 23:23:11
2020-12-26 23:23:18
2020-12-26 23:23:28
2020-12-26 23:23:37
2020-12-26 23:23:44
2020-12-26 23:23:51
2020-12-26 23:23:58
2020-12-26 23:24:02
2020-12-26 23:24:06
2020-12-26 23:24:13
2020-12-26 23:24:21
2020-12-26 23:24:27
2020-12-26 23:24:35
2020-12-26 23:24:44
2020-12-26 23:24:51
2020-12-26 23:24:57
2020-12-26 23:25:06
2020-12-26 23:25:14
2020-12-26 23:25:19
2020-12-26 23:25:25
2020-12-26 23:25:29
2020-12-26 23:25:37
2020-12-26 23:25:52
2020-12-26 23:25:57
2020-12-26 23:26:03
2020-12-26 23:26:11
2020-12-26 23:26:16
2020-12-26 23:26:21
2020-12-26 23:26:27
2020-12-26 23:26:33
2020-12-26 23:26:39
2020-12-26 23:26:43
2020-12-26 23:26:50
2020-12-26 23:27:00
2020-12-26 23:27:04
2020-12-26 23:27:09
2020-12-26 23:27:18
2020-12-26 23:27:32
2020-12-26 23:27:40
2020-12-26 23:27:46
2020-12-26 23:27:52
2020-12-26 23:27:57
2020-12-26 23:28:05
2020-12-26 23:28:16
2020-12-26 23:28:20
2020-12-26 23:28:25
2020-12-26 23:28:31
2020-12-26 23:28:42
2020-12-26 23:28:48
2020-12-26 23:28:56
2020-12-26 23:29:03
2020-12-26 23:29:11
2020-12-26 23:29:22
2020-12-26 23:29:32
2020-12-26 23:29:38
2020-12-26 23:29:49
2020-12-26 23:29:55
2020-12-26 23:30:03
2020-12-26 23:30:14
2020-12-26 23:30:22
2020-12-26 23:30:28
2020-12-26 23:30:35
2020-12-26 23:30:43
2020-12-26 23:30:55
2020-12-26 23:31:00
2020-12-26 23:31:13
2020-12-26 23:31:17
2020-12-26 23:31:24
2020-12-26 23:31:30
2020-12-26 23:31:36
2020-12-26 23:31:49
[0;31mERROR:[0m Premieres in 26 hours
2020-12-26 23:32:48
[0;31mERROR:[0m There's no video in this tweet.; please report this issue on https://yt-dl.org/bug . Make sure you are using the latest version; see  https://yt-dl.org/update  on how to update. Be sure to call youtube-dl with the --verbose flag and include its complete output.
2020-12-26 23:32:50
2020-12-26 23:32:52
2020-12-26 23:33:58
[0;31mERROR:[0m Premieres in 26 hours
2020-12-26 23:47:00
[0;31mERROR:[0m There's no video in this tweet.; please report this issue on https://yt-dl.org/bug . Make sure you are using the latest version; see  https://yt-dl.org/update  on how to update. Be sure to call youtube-dl with the --verbose flag and include its complete output.
2020-12-26 23:47:01
2020-12-26 23:47:50
2020-12-26 23:47:59
2020-12-26 23:48:08
2020-12-26 23:48:17
2020-12-26 23:48:23
2020-12-26 23:48:30
2020-12-26 23:48:46
2020-12-26 23:48:52
2020-12-26 23:48:57
2020-12-26 23:49:04
2020-12-26 23:49:11
2020-12-26 23:49:16
2020-12-26 23:49:22
2020-12-26 23:49:27
2020-12-26 23:49:32
2020-12-26 23:49:38
2020-12-26 23:49:42
2020-12-26 23:49:48
2020-12-26 23:49:57
2020-12-26 23:50:04
2020-12-26 23:50:10
2020-12-26 23:50:23
2020-12-26 23:50:28
2020-12-26 23:50:35
2020-12-26 23:50:42
2020-12-26 23:50:51
2020-12-26 23:50:58
2020-12-26 23:51:05
2020-12-26 23:51:13
2020-12-26 23:51:22
2020-12-26 23:51:28
2020-12-26 23:51:35
2020-12-26 23:51:41
2020-12-26 23:51:46
2020-12-26 23:51:53
2020-12-26 23:51:56
2020-12-26 23:52:03
2020-12-26 23:52:08
2020-12-26 23:52:13
2020-12-26 23:52:17
2020-12-26 23:52:22
2020-12-26 23:52:26
2020-12-26 23:52:31
2020-12-26 23:52:37
2020-12-26 23:52:43
2020-12-26 23:52:48
2020-12-26 23:52:57
2020-12-26 23:52:58
2020-12-26 23:53:36
2020-12-26 23:53:52
2020-12-26 23:54:03
2020-12-26 23:54:20
2020-12-26 23:54:37
2020-12-26 23:55:46
2020-12-26 23:56:19
2020-12-26 23:57:11
2020-12-26 23:57:51
2020-12-26 23:58:30
2020-12-26 23:59:02
2020-12-27 00:00:46
2020-12-27 00:01:02
2020-12-27 00:01:44
2020-12-27 00:02:19
2020-12-27 00:03:01
2020-12-27 00:03:17
2020-12-27 00:04:11
2020-12-27 00:05:10
2020-12-27 00:05:31
2020-12-27 00:06:08
2020-12-27 00:08:43
2020-12-27 00:09:06
2020-12-27 00:09:32
2020-12-27 00:09:46
2020-12-27 00:10:40
2020-12-27 00:11:10
2020-12-27 00:11:27
2020-12-27 00:11:45
2020-12-27 00:11:52
2020-12-27 00:12:15
2020-12-27 00:13:15
2020-12-27 00:15:11
2020-12-27 00:16:18
2020-12-27 00:17:45
2020-12-27 00:18:24
2020-12-27 00:19:56
2020-12-27 00:22:02
2020-12-27 00:23:49
2020-12-27 00:26:03
2020-12-27 00:28:16
2020-12-27 00:29:50
2020-12-27 00:31:14
2020-12-27 00:36:53
2020-12-27 00:39:16
2020-12-27 00:39:47
2020-12-27 00:42:06
2020-12-27 00:42:45
2020-12-27 00:43:20
2020-12-27 00:44:58
2020-12-27 00:46:47
2020-12-27 00:47:24
2020-12-27 00:49:27
2020-12-27 00:51:13
2020-12-27 00:53:22
2020-12-27 00:53:52
2020-12-27 00:56:09
2020-12-27 00:58:17
2020-12-27 01:00:21
2020-12-27 01:01:54
2020-12-27 01:04:09
2020-12-27 01:05:45
2020-12-27 01:08:10
2020-12-27 01:11:45
2020-12-27 01:12:27
2020-12-27 01:15:29
2020-12-27 01:18:17
2020-12-27 01:18:51
2020-12-27 01:20:36
2020-12-27 01:22:25
2020-12-27 01:22:44
2020-12-27 01:22:50
2020-12-27 01:22:53
2020-12-27 01:22:58
2020-12-27 01:23:07
2020-12-27 01:23:18
2020-12-27 01:23:30
2020-12-27 01:23:49
2020-12-27 01:24:00
2020-12-27 01:24:08
2020-12-27 01:24:14
2020-12-27 01:24:25
2020-12-27 01:24:32
2020-12-27 01:24:44
2020-12-27 01:24:50
2020-12-27 01:24:58
2020-12-27 01:25:04
2020-12-27 01:25:10
2020-12-27 01:25:14
2020-12-27 01:25:23
2020-12-27 01:25:30
2020-12-27 01:25:35
2020-12-27 01:25:43
2020-12-27 01:25:48
2020-12-27 01:25:53
2020-12-27 01:26:02
2020-12-27 01:26:14
2020-12-27 01:26:21
2020-12-27 01:26:28
2020-12-27 01:26:41
2020-12-27 01:26:42
2020-12-27 01:27:13
[0;31mERROR:[0m Premieres in 24 hours
2020-12-27 01:31:17
[0;31mERROR:[0m There's no video in this tweet.; please report this issue on https://yt-dl.org/bug . Make sure you are using the latest version; see  https://yt-dl.org/update  on how to update. Be sure to call youtube-dl with the --verbose flag and include its complete output.
2020-12-27 01:31:20
[0;31mERROR:[0m Premieres in 24 hours
2020-12-27 01:31:36
[0;31mERROR:[0m There's no video in this tweet.; please report this issue on https://yt-dl.org/bug . Make sure you are using the latest version; see  https://yt-dl.org/update  on how to update. Be sure to call youtube-dl with the --verbose flag and include its complete output.
2020-12-27 01:31:40
[0;31mERROR:[0m Premieres in 24 hours
2020-12-27 01:31:47
2020-12-27 01:31:50
2020-12-27 01:31:58
2020-12-27 01:32:03
2020-12-27 01:32:08
2020-12-27 01:32:13
2020-12-27 01:32:18
2020-12-27 01:32:22
2020-12-27 01:32:27
2020-12-27 01:32:32
2020-12-27 01:32:35
2020-12-27 01:32:40
2020-12-27 17:28:24
[0;31mERROR:[0m There's no video in this tweet.; please report this issue on https://yt-dl.org/bug . Make sure you are using the latest version; see  https://yt-dl.org/update  on how to update. Be sure to call youtube-dl with the --verbose flag and include its complete output.
2020-12-27 17:28:29
[0;31mERROR:[0m Premieres in 8 hours
2020-12-27 17:28:37
2020-12-27 17:28:38
2020-12-28 01:25:36
[0;31mERROR:[0m There's no video in this tweet.; please report this issue on https://yt-dl.org/bug . Make sure you are using the latest version; see  https://yt-dl.org/update  on how to update. Be sure to call youtube-dl with the --verbose flag and include its complete output.
2020-12-28 01:25:40
[0;31mERROR:[0m Premieres in 34 minutes
2020-12-28 01:25:47
2020-12-28 01:25:47
[0;31mERROR:[0m unable to create directory [Errno 13] Permission denied: '/media/mastertaku/ext_storage'
2020-12-28 01:25:48
2020-12-28 01:25:48
[0;31mERROR:[0m unable to create directory [Errno 13] Permission denied: '/media/mastertaku/ext_storage'
2020-12-28 01:26:24
[0;31mERROR:[0m There's no video in this tweet.; please report this issue on https://yt-dl.org/bug . Make sure you are using the latest version; see  https://yt-dl.org/update  on how to update. Be sure to call youtube-dl with the --verbose flag and include its complete output.
2020-12-28 01:26:27
[0;31mERROR:[0m Premieres in 33 minutes
2020-12-28 01:26:31
2020-12-28 01:26:32
2020-12-28 01:26:43
2020-12-28 01:26:44
2020-12-28 01:37:32
[0;31mERROR:[0m There's no video in this tweet.; please report this issue on https://yt-dl.org/bug . Make sure you are using the latest version; see  https://yt-dl.org/update  on how to update. Be sure to call youtube-dl with the --verbose flag and include its complete output.
2020-12-28 01:37:36
[0;31mERROR:[0m Premieres in 22 minutes
2020-12-28 01:38:38
[0;31mERROR:[0m There's no video in this tweet.; please report this issue on https://yt-dl.org/bug . Make sure you are using the latest version; see  https://yt-dl.org/update  on how to update. Be sure to call youtube-dl with the --verbose flag and include its complete output.
2020-12-28 01:38:41
[0;31mERROR:[0m Premieres in 21 minutes
2020-12-28 01:39:34
[0;31mERROR:[0m There's no video in this tweet.; please report this issue on https://yt-dl.org/bug . Make sure you are using the latest version; see  https://yt-dl.org/update  on how to update. Be sure to call youtube-dl with the --verbose flag and include its complete output.
2020-12-28 01:39:37
[0;31mERROR:[0m Premieres in 20 minutes
2020-12-28 01:42:04
[0;31mERROR:[0m There's no video in this tweet.; please report this issue on https://yt-dl.org/bug . Make sure you are using the latest version; see  https://yt-dl.org/update  on how to update. Be sure to call youtube-dl with the --verbose flag and include its complete output.
2020-12-28 01:44:07
[0;31mERROR:[0m There's no video in this tweet.; please report this issue on https://yt-dl.org/bug . Make sure you are using the latest version; see  https://yt-dl.org/update  on how to update. Be sure to call youtube-dl with the --verbose flag and include its complete output.
2020-12-28 01:44:33
[0;31mERROR:[0m There's no video in this tweet.; please report this issue on https://yt-dl.org/bug . Make sure you are using the latest version; see  https://yt-dl.org/update  on how to update. Be sure to call youtube-dl with the --verbose flag and include its complete output.
2020-12-28 01:51:43
[0;31mERROR:[0m There's no video in this tweet.; please report this issue on https://yt-dl.org/bug . Make sure you are using the latest version; see  https://yt-dl.org/update  on how to update. Be sure to call youtube-dl with the --verbose flag and include its complete output.
2020-12-28 01:51:47
[0;31mERROR:[0m Premieres in 12 hours
2020-12-28 01:51:57
[0;31mERROR:[0m There's no video in this tweet.; please report this issue on https://yt-dl.org/bug . Make sure you are using the latest version; see  https://yt-dl.org/update  on how to update. Be sure to call youtube-dl with the --verbose flag and include its complete output.
2020-12-28 01:52:00
[0;31mERROR:[0m Premieres in 12 hours
2020-12-28 01:52:56
[0;31mERROR:[0m There's no video in this tweet.; please report this issue on https://yt-dl.org/bug . Make sure you are using the latest version; see  https://yt-dl.org/update  on how to update. Be sure to call youtube-dl with the --verbose flag and include its complete output.
2020-12-28 01:52:59
[0;31mERROR:[0m Premieres in 12 hours
2020-12-28 02:02:02
[0;31mERROR:[0m There's no video in this tweet.; please report this issue on https://yt-dl.org/bug . Make sure you are using the latest version; see  https://yt-dl.org/update  on how to update. Be sure to call youtube-dl with the --verbose flag and include its complete output.
2020-12-28 02:02:06
[0;31mERROR:[0m Premieres in 11 hours
2020-12-28 02:22:38
[0;31mERROR:[0m There's no video in this tweet.; please report this issue on https://yt-dl.org/bug . Make sure you are using the latest version; see  https://yt-dl.org/update  on how to update. Be sure to call youtube-dl with the --verbose flag and include its complete output.
2020-12-28 02:22:47
[0;31mERROR:[0m Premieres in 11 hours
2020-12-28 03:43:38
2020-12-28 03:43:39
2020-12-28 03:43:58
2020-12-28 03:43:59
2020-12-28 20:37:28
2020-12-28 20:37:29
2020-12-28 20:39:04
2020-12-28 20:39:05
2020-12-28 20:40:45
2020-12-28 20:40:46
2020-12-29 16:01:48
2020-12-29 16:01:49
[0;31mERROR:[0m unable to create directory [Errno 13] Permission denied: '/media/mastertaku/ext_storage'
2020-12-29 16:02:26
2020-12-29 16:02:27
2020-12-29 16:18:02
2020-12-29 16:18:03
2020-12-31 03:03:28
2020-12-31 03:03:29
[0;31mERROR:[0m unable to create directory [Errno 13] Permission denied: '/media/mastertaku/ext_storage'
2020-12-31 03:03:29
2020-12-31 03:03:30
[0;31mERROR:[0m unable to create directory [Errno 13] Permission denied: '/media/mastertaku/ext_storage'
2020-12-31 03:03:31
2020-12-31 03:03:31
[0;31mERROR:[0m unable to create directory [Errno 13] Permission denied: '/media/mastertaku/ext_storage'
2020-12-31 03:03:32
2020-12-31 03:03:33
[0;31mERROR:[0m unable to create directory [Errno 13] Permission denied: '/media/mastertaku/ext_storage'
2020-12-31 03:03:33
2020-12-31 03:03:34
[0;31mERROR:[0m unable to create directory [Errno 13] Permission denied: '/media/mastertaku/ext_storage'
2020-12-31 03:03:35
2020-12-31 03:03:35
[0;31mERROR:[0m unable to create directory [Errno 13] Permission denied: '/media/mastertaku/ext_storage'
2020-12-31 03:04:40
2020-12-31 03:04:41
2020-12-31 03:04:45
2020-12-31 03:04:46
2020-12-31 03:04:50
2020-12-31 03:04:51
2020-12-31 03:04:56
2020-12-31 03:04:56
2020-12-31 03:05:04
2020-12-31 03:05:04
2020-12-31 03:05:10
2020-12-31 03:05:10
2021-01-02 20:41:28
2021-01-02 20:41:29
2021-01-02 20:42:43
2021-01-02 20:42:44
2021-01-02 20:43:47
2021-01-02 20:43:48
2021-01-02 20:44:51
2021-01-02 20:44:52
2021-01-02 20:45:52
2021-01-02 20:45:53
2021-01-02 20:46:59
2021-01-02 20:47:00
2021-01-02 20:47:40
2021-01-02 20:47:41
2021-01-02 20:48:43
2021-01-02 20:48:44
2021-01-02 20:49:21
2021-01-02 20:49:22
2021-01-03 22:11:24
2021-01-03 22:11:25
2021-01-03 22:12:30
2021-01-03 22:12:31
2021-01-03 22:15:33
2021-01-03 22:15:33
2021-01-03 22:16:07
2021-01-03 22:16:08
2021-01-03 22:16:30
2021-01-03 22:16:30
2021-01-03 22:16:32
2021-01-03 22:16:33
2021-01-03 22:16:38
2021-01-03 22:16:38
2021-01-03 22:16:43
2021-01-03 22:16:43
2021-01-03 22:16:46
2021-01-03 22:16:47
2021-01-03 22:16:49
2021-01-03 22:16:50
2021-01-03 22:16:53
2021-01-03 22:16:54
2021-01-03 22:16:57
2021-01-03 22:16:58
